<?xml version="1.0" encoding="UTF-8"?>
<!-- Generated by org.testng.reporters.JUnitReportReporter -->
<testsuite skipped="0" hostname="kalai-PC" name="week2.day2.MergeLeads" tests="1" failures="0" timestamp="04 Nov 2019 12:19:25 GMT" time="30.218" errors="0">
  <testcase name="runMergeLeads" time="30.218" classname="week2.day2.MergeLeads"/>
</testsuite> <!-- week2.day2.MergeLeads -->
