<?xml version="1.0" encoding="UTF-8"?>
<!-- Generated by org.testng.reporters.JUnitReportReporter -->
<testsuite skipped="0" hostname="kalai-PC" name="week2.day2.CreateLeads" tests="2" failures="0" timestamp="22 Oct 2019 11:23:05 GMT" time="58.035" errors="0">
  <testcase name="runCreateLead" time="28.085" classname="week2.day2.CreateLeads"/>
  <testcase name="runCreateLead" time="29.950" classname="week2.day2.CreateLeads"/>
</testsuite> <!-- week2.day2.CreateLeads -->
