<?xml version="1.0" encoding="UTF-8"?>
<!-- Generated by org.testng.reporters.JUnitReportReporter -->
<testsuite skipped="0" hostname="kalai-PC" name="week2.day2.EditLeads" tests="1" failures="0" timestamp="04 Nov 2019 12:19:25 GMT" time="28.772" errors="0">
  <testcase name="runEditLeads" time="28.772" classname="week2.day2.EditLeads"/>
</testsuite> <!-- week2.day2.EditLeads -->
