<?xml version="1.0" encoding="UTF-8"?>
<!-- Generated by org.testng.reporters.JUnitReportReporter -->
<testsuite skipped="0" hostname="kalai-PC" name="runner.RunTest" tests="1" failures="0" timestamp="14 Nov 2019 06:39:25 GMT" time="46.818" errors="0">
  <testcase name="runScenario" time="46.818" classname="runner.RunTest"/>
</testsuite> <!-- runner.RunTest -->
