<?xml version="1.0" encoding="UTF-8"?>
<!-- Generated by org.testng.reporters.JUnitReportReporter -->
<testsuite skipped="0" hostname="kalai-PC" name="com.leafBot.testcases.TC001_CreateLead" tests="2" failures="0" timestamp="09 Nov 2019 10:32:41 GMT" time="23.021" errors="0">
  <testcase name="runTC001" time="12.111" classname="com.leafBot.testcases.TC001_CreateLead"/>
  <testcase name="runTC001" time="10.910" classname="com.leafBot.testcases.TC001_CreateLead"/>
</testsuite> <!-- com.leafBot.testcases.TC001_CreateLead -->
