<?xml version="1.0" encoding="UTF-8"?>
<!-- Generated by org.testng.reporters.JUnitReportReporter -->
<testsuite skipped="0" hostname="kalai-PC" name="com.leafBot.testcases.TC002_InvoiceNumber" tests="1" failures="0" timestamp="17 Nov 2019 05:55:47 GMT" time="20.842" errors="0">
  <testcase name="runTC002" time="20.842" classname="com.leafBot.testcases.TC002_InvoiceNumber"/>
</testsuite> <!-- com.leafBot.testcases.TC002_InvoiceNumber -->
