<?xml version="1.0" encoding="UTF-8"?>
<!-- Generated by org.testng.reporters.JUnitReportReporter -->
<testsuite skipped="0" hostname="kalai-PC" name="runner.TC001_Login" tests="2" failures="0" timestamp="09 Nov 2019 10:25:26 GMT" time="20.451" errors="0">
  <testcase name="runScenario" time="10.318" classname="runner.TC001_Login"/>
  <testcase name="runScenario" time="10.133" classname="runner.TC001_Login"/>
</testsuite> <!-- runner.TC001_Login -->
